<?xml version="1.0" encoding="UTF-8"?>
<testng-results skipped="0" failed="0" ignored="0" total="1" passed="1">
  <reporter-output>
  </reporter-output>
  <suite name="Surefire suite" duration-ms="68" started-at="2019-04-10T20:36:43Z" finished-at="2019-04-10T20:36:43Z">
    <groups>
    </groups>
    <test name="Surefire test" duration-ms="68" started-at="2019-04-10T20:36:43Z" finished-at="2019-04-10T20:36:43Z">
      <class name="saif.AppTest">
        <test-method status="PASS" signature="shouldAnswerWithTrue()" name="shouldAnswerWithTrue" duration-ms="16" started-at="2019-04-10T20:36:43Z" finished-at="2019-04-10T20:36:43Z">
          <reporter-output>
          </reporter-output>
        </test-method> <!-- shouldAnswerWithTrue -->
      </class> <!-- saif.AppTest -->
    </test> <!-- Surefire test -->
  </suite> <!-- Surefire suite -->
</testng-results>
