<?xml version="1.0" encoding="UTF-8"?>
<!-- Generated by org.testng.reporters.JUnitXMLReporter -->
<testsuite hostname="VW7SD0056" ignored="0" name="Test" tests="4" failures="0" timestamp="15 Apr 2019 20:37:15 GMT" time="0.078" errors="0">
  <testcase name="element5" time="0.015" classname="saif.APITest"/>
  <testcase name="element6" time="0.0" classname="saif.APITest"/>
  <testcase name="element3" time="0.0" classname="saif.AppiumTest"/>
  <testcase name="element4" time="0.0" classname="saif.AppiumTest"/>
</testsuite> <!-- Test -->
