<?xml version="1.0" encoding="UTF-8"?>
<!-- Generated by org.testng.reporters.JUnitXMLReporter -->
<testsuite ignored="0" hostname="VW7SD0056" failures="0" tests="6" name="Command line test" time="0.047" errors="0" timestamp="15 Apr 2019 20:43:24 GMT">
  <testcase classname="saif.APITest" name="element5" time="0.016"/>
  <testcase classname="saif.APITest" name="element6" time="0.0"/>
  <testcase classname="saif.SeleniumTest" name="element1" time="0.0"/>
  <testcase classname="saif.SeleniumTest" name="element2" time="0.0"/>
  <testcase classname="saif.AppiumTest" name="element3" time="0.0"/>
  <testcase classname="saif.AppiumTest" name="element4" time="0.0"/>
</testsuite> <!-- Command line test -->
