<?xml version="1.0" encoding="UTF-8"?>
<!-- Generated by org.testng.reporters.JUnitXMLReporter -->
<testsuite hostname="VW7SD0056" ignored="0" name="Surefire test" tests="5" failures="0" timestamp="10 Apr 2019 20:36:43 GMT" time="0.047" errors="0">
  <testcase name="element5" time="0.0" classname="saif.APITest"/>
  <testcase name="element6" time="0.0" classname="saif.APITest"/>
  <testcase name="element4" time="0.0" classname="saif.AppiumTest"/>
  <testcase name="element1" time="0.0" classname="saif.SeleniumTest"/>
  <testcase name="element2" time="0.0" classname="saif.SeleniumTest"/>
</testsuite> <!-- Surefire test -->
