<?xml version="1.0" encoding="UTF-8"?>
<!-- Generated by org.testng.reporters.JUnitXMLReporter -->
<testsuite ignored="0" hostname="VW7SD0056" failures="0" tests="4" name="Test" time="0.035" errors="0" timestamp="15 Apr 2019 20:43:40 GMT">
  <testcase classname="saif.APITest" name="element5" time="0.008"/>
  <testcase classname="saif.APITest" name="element6" time="0.0"/>
  <testcase classname="saif.AppiumTest" name="element3" time="0.0"/>
  <testcase classname="saif.AppiumTest" name="element4" time="0.0"/>
</testsuite> <!-- Test -->
